build/app/intermediates/manifest_merge_blame_file/release/manifest-merger-blame-release-report.txt
1<?xml version="1.0" encoding="utf-8"?>
2<manifest xmlns:android="http://schemas.android.com/apk/res/android"
3    package="com.example.excle_data"
4    android:versionCode="1"
5    android:versionName="1.0.0" >
6
7    <uses-sdk
8        android:minSdkVersion="19"
8-->src\main\AndroidManifest.xml
9        android:targetSdkVersion="31" />
9-->src\main\AndroidManifest.xml
10    <!-- Provide required visibility configuration for API level 30 and above -->
11    <queries>
11-->src\main\AndroidManifest.xml:35:5-46:15
12
13        <!-- If your app checks for SMS support -->
14        <intent>
14-->src\main\AndroidManifest.xml:37:9-40:18
15            <action android:name="android.intent.action.VIEW" />
15-->src\main\AndroidManifest.xml:38:13-65
15-->src\main\AndroidManifest.xml:38:21-62
16
17            <data android:scheme="sms" />
17-->src\main\AndroidManifest.xml:39:13-42
17-->src\main\AndroidManifest.xml:39:19-39
18        </intent>
19        <!-- If your app checks for call support -->
20        <intent>
20-->src\main\AndroidManifest.xml:42:9-45:18
21            <action android:name="android.intent.action.VIEW" />
21-->src\main\AndroidManifest.xml:38:13-65
21-->src\main\AndroidManifest.xml:38:21-62
22
23            <data android:scheme="tel" />
23-->src\main\AndroidManifest.xml:39:13-42
23-->src\main\AndroidManifest.xml:39:19-39
24        </intent>
25    </queries>
26    <!-- Provide required visibility configuration for API level 30 and above -->
27    <queries>
27-->src\main\AndroidManifest.xml:35:5-46:15
28
29        <!-- If your app checks for SMS support -->
30        <intent>
30-->src\main\AndroidManifest.xml:37:9-40:18
31            <action android:name="android.intent.action.VIEW" />
31-->src\main\AndroidManifest.xml:38:13-65
31-->src\main\AndroidManifest.xml:38:21-62
32
33            <data android:scheme="sms" />
33-->src\main\AndroidManifest.xml:39:13-42
33-->src\main\AndroidManifest.xml:39:19-39
34        </intent>
35        <!-- If your app checks for call support -->
36        <intent>
36-->src\main\AndroidManifest.xml:42:9-45:18
37            <action android:name="android.intent.action.VIEW" />
37-->src\main\AndroidManifest.xml:38:13-65
37-->src\main\AndroidManifest.xml:38:21-62
38
39            <data android:scheme="tel" />
39-->src\main\AndroidManifest.xml:39:13-42
39-->src\main\AndroidManifest.xml:39:19-39
40        </intent>
41        <intent>
41-->src\main\AndroidManifest.xml:59:9-63:18
42            <action android:name="android.intent.action.VIEW" />
42-->src\main\AndroidManifest.xml:38:13-65
42-->src\main\AndroidManifest.xml:38:21-62
43
44            <category android:name="android.intent.category.BROWSABLE" />
44-->src\main\AndroidManifest.xml:61:13-74
44-->src\main\AndroidManifest.xml:61:23-71
45
46            <data android:scheme="https" />
46-->src\main\AndroidManifest.xml:39:13-42
46-->src\main\AndroidManifest.xml:39:19-39
47        </intent>
48    </queries>
49
50    <application
51        android:name="android.app.Application"
51-->src\main\AndroidManifest.xml:5:9-42
52        android:appComponentFactory="androidx.core.app.CoreComponentFactory"
52-->[androidx.core:core:1.6.0] AndroidManifest.xml:24:18-86
53        android:icon="@mipmap/ic_launcher"
53-->src\main\AndroidManifest.xml:6:9-43
54        android:label="excle_data" >
54-->src\main\AndroidManifest.xml:4:9-35
55        <activity
55-->src\main\AndroidManifest.xml:7:9-27:20
56            android:name="com.example.excle_data.MainActivity"
56-->src\main\AndroidManifest.xml:8:13-41
57            android:configChanges="orientation|keyboardHidden|keyboard|screenSize|smallestScreenSize|locale|layoutDirection|fontScale|screenLayout|density|uiMode"
57-->src\main\AndroidManifest.xml:12:13-163
58            android:exported="true"
58-->src\main\AndroidManifest.xml:9:13-36
59            android:hardwareAccelerated="true"
59-->src\main\AndroidManifest.xml:13:13-47
60            android:launchMode="singleTop"
60-->src\main\AndroidManifest.xml:10:13-43
61            android:theme="@style/LaunchTheme"
61-->src\main\AndroidManifest.xml:11:13-47
62            android:windowSoftInputMode="adjustResize" >
62-->src\main\AndroidManifest.xml:14:13-55
63
64            <!--
65                 Specifies an Android theme to apply to this Activity as soon as
66                 the Android process has started. This theme is visible to the user
67                 while the Flutter UI initializes. After that, this theme continues
68                 to determine the Window background behind the Flutter UI.
69            -->
70            <meta-data
70-->src\main\AndroidManifest.xml:19:13-22:17
71                android:name="io.flutter.embedding.android.NormalTheme"
71-->src\main\AndroidManifest.xml:20:15-70
72                android:resource="@style/NormalTheme" />
72-->src\main\AndroidManifest.xml:21:15-52
73
74            <intent-filter>
74-->src\main\AndroidManifest.xml:23:13-26:29
75                <action android:name="android.intent.action.MAIN" />
75-->src\main\AndroidManifest.xml:24:17-68
75-->src\main\AndroidManifest.xml:24:25-66
76
77                <category android:name="android.intent.category.LAUNCHER" />
77-->src\main\AndroidManifest.xml:25:17-76
77-->src\main\AndroidManifest.xml:25:27-74
78            </intent-filter>
79        </activity>
80        <!--
81             Don't delete the meta-data below.
82             This is used by the Flutter tool to generate GeneratedPluginRegistrant.java
83        -->
84        <meta-data
84-->src\main\AndroidManifest.xml:30:9-32:33
85            android:name="flutterEmbedding"
85-->src\main\AndroidManifest.xml:31:13-44
86            android:value="2" />
86-->src\main\AndroidManifest.xml:32:13-30
87
88        <activity
88-->[:url_launcher_android] AndroidManifest.xml:10:9-13:74
89            android:name="io.flutter.plugins.urllauncher.WebViewActivity"
89-->[:url_launcher_android] AndroidManifest.xml:11:13-74
90            android:exported="false"
90-->[:url_launcher_android] AndroidManifest.xml:12:13-37
91            android:theme="@android:style/Theme.NoTitleBar.Fullscreen" />
91-->[:url_launcher_android] AndroidManifest.xml:13:13-71
92
93        <uses-library
93-->[androidx.window:window:1.0.0-beta04] AndroidManifest.xml:25:9-27:40
94            android:name="androidx.window.extensions"
94-->[androidx.window:window:1.0.0-beta04] AndroidManifest.xml:26:13-54
95            android:required="false" />
95-->[androidx.window:window:1.0.0-beta04] AndroidManifest.xml:27:13-37
96        <uses-library
96-->[androidx.window:window:1.0.0-beta04] AndroidManifest.xml:28:9-30:40
97            android:name="androidx.window.sidecar"
97-->[androidx.window:window:1.0.0-beta04] AndroidManifest.xml:29:13-51
98            android:required="false" />
98-->[androidx.window:window:1.0.0-beta04] AndroidManifest.xml:30:13-37
99    </application>
100
101</manifest>